\\ahs\ahsfiles\users\ahs-co\steven.ulfelder\personal projects\shoshin\shoshin\bin\vc2015\debug\vc140.pdb
\\ahs\ahsfiles\users\ahs-co\steven.ulfelder\personal projects\shoshin\shoshin\bin\vc2015\debug\mzk.sbr
\\ahs\ahsfiles\users\ahs-co\steven.ulfelder\personal projects\shoshin\shoshin\bin\vc2015\debug\mzk.obj
\\ahs\ahsfiles\users\ahs-co\steven.ulfelder\personal projects\shoshin\shoshin\bin\vc2015\debug\intro.obj
\\ahs\ahsfiles\users\ahs-co\steven.ulfelder\personal projects\shoshin\shoshin\bin\vc2015\debug\ext.obj
\\ahs\ahsfiles\users\ahs-co\steven.ulfelder\personal projects\shoshin\shoshin\bin\vc2015\debug\main_release.obj
\\ahs\ahsfiles\users\ahs-co\steven.ulfelder\personal projects\shoshin\shoshin\bin\vc2015\debug\ext.sbr
\\ahs\ahsfiles\users\ahs-co\steven.ulfelder\personal projects\shoshin\shoshin\bin\vc2015\debug\intro.sbr
\\ahs\ahsfiles\users\ahs-co\steven.ulfelder\personal projects\shoshin\shoshin\bin\vc2015\debug\main_release.sbr
\\ahs\ahsfiles\users\ahs-co\steven.ulfelder\personal projects\shoshin\shoshin\bin\vc2015\debug\shoshin.tlog\cl.read.1.tlog
\\ahs\ahsfiles\users\ahs-co\steven.ulfelder\personal projects\shoshin\shoshin\bin\vc2015\debug\shoshin.tlog\cl.write.1.tlog
\\ahs\ahsfiles\users\ahs-co\steven.ulfelder\personal projects\shoshin\shoshin\bin\vc2015\debug\shoshin.tlog\cl.command.1.tlog
\\ahs\ahsfiles\users\ahs-co\steven.ulfelder\personal projects\shoshin\shoshin\bin\vc2015\debug\shoshin.tlog\link.24620-rc.read.1.tlog
\\ahs\ahsfiles\users\ahs-co\steven.ulfelder\personal projects\shoshin\shoshin\bin\vc2015\debug\shoshin.tlog\link.24620-rc.write.1.tlog
\\ahs\ahsfiles\users\ahs-co\steven.ulfelder\personal projects\shoshin\shoshin\bin\vc2015\debug\shoshin.tlog\link.24620-cvtres.read.1.tlog
\\ahs\ahsfiles\users\ahs-co\steven.ulfelder\personal projects\shoshin\shoshin\bin\vc2015\debug\shoshin.tlog\link.24620-cvtres.write.1.tlog
\\ahs\ahsfiles\users\ahs-co\steven.ulfelder\personal projects\shoshin\shoshin\bin\vc2015\debug\shoshin.tlog\link.24620.read.1.tlog
\\ahs\ahsfiles\users\ahs-co\steven.ulfelder\personal projects\shoshin\shoshin\bin\vc2015\debug\shoshin.tlog\link.24620.write.1.tlog
\\ahs\ahsfiles\users\ahs-co\steven.ulfelder\personal projects\shoshin\shoshin\bin\vc2015\debug\shoshin.tlog\link.read.1.tlog
\\ahs\ahsfiles\users\ahs-co\steven.ulfelder\personal projects\shoshin\shoshin\bin\vc2015\debug\shoshin.tlog\link.command.1.tlog
