cl : Command line warning D9035: option 'QIfist' has been deprecated and will be removed in a future release
  intro.cpp
  Crinkler 2.0a (Mar 28 2018) (c) 2005-2018 Aske Simon Christensen & Rune Stubbe
  
  Ignoring unknown argument '/ERRORREPORT:PROMPT'
  Ignoring unknown argument '/NOLOGO'
  Ignoring unknown argument '/NODEFAULTLIB'
  Ignoring unknown argument '/MANIFEST:NO'
  Ignoring unknown argument '/DEBUG'
  Ignoring unknown argument '/PDB:.\exe\Shoshin.pdb'
  Ignoring unknown argument '/TLBID:1'
  Ignoring unknown argument '/DYNAMICBASE:NO'
  Ignoring unknown argument '/IMPLIB:.\exe\Shoshin.lib'
  Ignoring unknown argument '/MACHINE:X86'
  Ignoring unknown argument '/SAFESEH'
  Target: .\exe\Shoshin.exe
  Tiny compressor: NO
  Tiny import: NO
  Subsystem type: WINDOWS
  Large address aware: NO
  Compression mode: INSTANT
  Saturate counters: NO
  Hash size: 300 MB
  Hash tries: 300
  Order tries: 4000
  Report: crinkler_rpt.html
  Transforms: NONE
  Replace DLLs: NONE
  Fallback DLLs: NONE
  Range DLLs: opengl32, winmm, kernel32, user32, gdi32
  Exports: NONE
  
  Loading opengl32.lib...
  Loading glu32.lib...
  Loading winmm.lib...
  Loading kernel32.lib...
  Loading user32.lib...
  Loading gdi32.lib...
  Loading winspool.lib...
  Loading comdlg32.lib...
  Loading pthreadVC2.lib...
  Loading advapi32.lib...
  Loading shell32.lib...
  Loading ole32.lib...
  Loading oleaut32.lib...
  Loading uuid.lib...
  Loading odbc32.lib...
  Loading odbccp32.lib...
  Loading kernel32.lib...
  Loading user32.lib...
  Loading gdi32.lib...
  Loading winspool.lib...
  Loading comdlg32.lib...
  Loading advapi32.lib...
  Loading shell32.lib...
  Loading ole32.lib...
  Loading oleaut32.lib...
  Loading uuid.lib...
  Loading odbc32.lib...
  Loading odbccp32.lib...
  Loading .\bin\vc2015\Release\ext.obj...
  Loading .\bin\vc2015\Release\intro.obj...
  Loading .\bin\vc2015\Release\main_release.obj...
  Loading .\bin\vc2015\Release\mzk.obj...
  
  Linking...
  
  
  Uncompressed size of code:   689
  Uncompressed size of data:  1887
  
  label name                                   pos comp-pos      size compsize
  Code sections                                  0     0.00       689   448.48
    .text                                        0     0.13       132   114.95
      _Import                                    0     0.13       132   114.95
        _Import                                  0     0.13        29    23.88
        DLLLoop                                 29    24.00         4     4.62
        HashLoop                                33    28.62         1     1.07
        GetProcAddress                          34    29.69        13    11.41
        ScanProcedureNamesLoop                  47    41.09        13    10.64
        CalculateHashLoop                       60    51.74        37    31.07
        OrdinalLoop                             97    82.80        18    16.52
        LoadDLL                                115    99.33         8     7.27
        NextDLL                                123   106.59         9     8.48
    .main                                      132   115.08       202   127.85
      ?entrypoint@@YIXXZ                       132   115.08       202   127.85
        ?entrypoint@@YIXXZ                     132   115.08       202   127.85
        $LN10                                  334   242.93         0     0.00
        $LN9                                   334   242.93         0     0.00
    .extinit                                   334   242.93        31    23.30
      ?EXT_Init@@YIXXZ                         334   242.93        31    23.30
        ?EXT_Init@@YIXXZ                       334   242.93        31    23.30
    .mzkinit                                   365   266.23        91    70.15
      ?mzk_init@@YIXPAF@Z                      365   266.23        91    70.15
        ?mzk_init@@YIXPAF@Z                    365   266.23        91    70.15
    .introinit                                 456   336.38       108    57.45
      ?intro_init@@YIXXZ                       456   336.38       108    57.45
        ?intro_init@@YIXXZ                     456   336.38       108    57.45
    .intromain                                 564   393.84       125    54.64
      ?intro_do@@YIXJ@Z                        564   393.84       125    54.64
        ?intro_do@@YIXJ@Z                      564   393.84       125    54.64
  
  Data sections                                689   448.48      1887   733.34
    .data                                      689   448.48        43    32.13
      _DLLNames                                689   448.48        43    32.13
        _DLLNames                              689   448.48        43    32.13
    .rdata                                     732   480.61         4     4.52
      __real@3d8062d7                          732   480.61         4     4.52
        __real@3d8062d7                        732   480.61         4     4.52
    .rdata                                     736   485.13         4     4.13
      __real@3dab5dc4                          736   485.13         4     4.13
        __real@3dab5dc4                        736   485.13         4     4.13
    .rdata                                     740   489.26         4     4.35
      __real@3a83126f                          740   489.26         4     4.35
        __real@3a83126f                        740   489.26         4     4.35
    .rdata                                     744   493.61         4     4.76
      __real@46fffe00                          744   493.61         4     4.76
        __real@46fffe00                        744   493.61         4     4.76
    .vsh                                       748   498.38         4     3.66
      ?vsh@@3PBDB                              748   498.38         4     3.66
        ?vsh@@3PBDB                            748   498.38         4     3.66
    .fsh                                       752   502.03         4     3.52
      ?fsh@@3PBDB                              752   502.03         4     3.52
        ?fsh@@3PBDB                            752   502.03         4     3.52
    .rdata                                     756   505.55        20    16.80
      ??_C@_0BD@CADKHDMH@glUseProgramSta       756   505.55        20    16.80
        ??_C@_0BD@CADKHDMH@glUseProgramS       756   505.55        20    16.80
    .rdata                                     776   522.35        20    11.76
      ??_C@_0BE@KBMHINLC@glProgramUnifor       776   522.35        20    11.76
        ??_C@_0BE@KBMHINLC@glProgramUnif       776   522.35        20    11.76
    .glstrs                                    796   534.11        20    10.79
      ?strs@@3PAPADA                           796   534.11        20    10.79
        ?strs@@3PAPADA                         796   534.11        20    10.79
    .rdata                                     816   544.91        24    12.07
      ??_C@_0BG@CCBKOCA@glGenProgramPipe       816   544.91        24    12.07
        ??_C@_0BG@CCBKOCA@glGenProgramPi       816   544.91        24    12.07
    .rdata                                     840   556.97        24     6.79
      ??_C@_0BG@GLPOKNCG@glBindProgramPi       840   556.97        24     6.79
        ??_C@_0BG@GLPOKNCG@glBindProgram       840   556.97        24     6.79
    .rdata                                     864   563.77        24    12.28
      ??_C@_0BH@BOJGDFJN@glCreateShaderP       864   563.77        24    12.28
        ??_C@_0BH@BOJGDFJN@glCreateShade       864   563.77        24    12.28
    .rdata                                     888   576.04        88    39.68
      ?wavHeader@@3QBHB                        888   576.04        88    39.68
        ?wavHeader@@3QBHB                      888   576.04        44    35.88
        ?pfd@@3UtagPIXELFORMATDESCRIPTOR       932   611.93        44     3.79
    .rdata                                     976   615.72       112    80.98
      ??_C@_0HA@GIFBHAJB@version?5430?6l       976   615.72       112    80.98
        ??_C@_0HA@GIFBHAJB@version?5430?       976   615.72       112    80.98
    .rdata                                    1088   696.70      1488   485.12
      ??_C@_0FNB@KPHNDBI@?$CDversion?543      1088   696.70      1488   485.12
        ??_C@_0FNB@KPHNDBI@?$CDversion?5      1088   696.70      1488   485.12
  
  Uninitialized sections                      2576           18409660
    .bss                                     65536                960
      _ImportList                            65536                  0
      __imp__ExitProcess@4                   65536                  4
      __imp__LoadLibraryA@4                  65540                  4
      __imp__ChangeDisplaySettingsA@8        65544                328
      __imp__CreateWindowExA@48              65872                  4
      __imp__GetAsyncKeyState@4              65876                124
      __imp__GetDC@4                         66000                  4
      __imp__ShowCursor@4                    66004                  4
      __imp__ChoosePixelFormat@8             66008                  4
      __imp__SetPixelFormat@12               66012                  4
      __imp__glRects@16                      66016                376
      __imp__wglCreateContext@4              66392                 40
      __imp__wglGetProcAddress@4             66432                  4
      __imp__wglMakeCurrent@8                66436                 24
      __imp__wglSwapLayerBuffers@8           66460                  4
      __imp__sndPlaySoundA@8                 66464                 28
      __imp__timeGetTime@0                   66492                  4
    .bss                                     66496                 24
      ?myglfunc@@3PAPAXA                     66496                 24
    .bss                                     66520                 72
      ?fsid@@3HA                             66520                 72
        ?fsid@@3HA                           66520                  8
        ?fparams@@3PAMA                      66528                 64
    .bss                                     66592           18345644
      ?myMuzik@@3PAFA                        66592           18345644
        ?myMuzik@@3PAFA                      66592           18345644
  
  Output file: .\exe\Shoshin.exe
  Final file size: 1520 (previous size 1523)
  
  time spent: 0m03s
  Shoshin.vcxproj -> C:\Users\tab\Documents\Stuff\Shoshin\.\exe\Shoshin.exe
  Shoshin.vcxproj -> .\exe\Shoshin.pdb (Full PDB)
